<?xml version="1.0" encoding="utf-8"?><testsuites><testsuite name="pytest" errors="0" failures="0" skipped="0" tests="3" time="27.741" timestamp="2021-06-17T13:35:42.873096" hostname="localhost"><testcase classname="tests.bdd.steps.test_001_wallet" name="test_GetPublicDid" time="13.819" /><testcase classname="tests.bdd.steps.test_001_wallet" name="test_gen_pub_did" time="13.763" /><testcase classname="tests.bdd.steps.test_001_wallet" name="test_gen_pub_did_no_key" time="0.020" /></testsuite></testsuites>