<?xml version="1.0" encoding="utf-8"?><testsuites><testsuite name="pytest" errors="0" failures="0" skipped="0" tests="165" time="710.760" timestamp="2022-10-21T12:20:52.678354" hostname="felurian"><testcase classname="trustregistry.tests.test_actor" name="test_get_actors" time="0.023" /><testcase classname="trustregistry.tests.test_actor" name="test_register_actor" time="0.021" /><testcase classname="trustregistry.tests.test_actor" name="test_update_actor" time="0.017" /><testcase classname="trustregistry.tests.test_actor" name="test_update_actor_x" time="0.005" /><testcase classname="trustregistry.tests.test_actor" name="test_remove_schema" time="0.009" /><testcase classname="trustregistry.tests.test_crud" name="test_get_actors" time="0.001" /><testcase classname="trustregistry.tests.test_crud" name="test_create_actor" time="0.002" /><testcase classname="trustregistry.tests.test_crud" name="test_update_actor" time="0.002" /><testcase classname="trustregistry.tests.test_crud" name="test_delete_actor" time="0.001" /><testcase classname="trustregistry.tests.test_crud" name="test_get_schemas" time="0.001" /><testcase classname="trustregistry.tests.test_crud" name="test_create_schema" time="0.003" /><testcase classname="trustregistry.tests.test_crud" name="test_update_schema" time="0.002" /><testcase classname="trustregistry.tests.test_crud" name="test_delete_schema" time="0.001" /><testcase classname="trustregistry.tests.test_main" name="test_root" time="0.005" /><testcase classname="trustregistry.tests.test_main" name="test_registry" time="0.005" /><testcase classname="trustregistry.tests.test_models" name="test_actor" time="0.000" /><testcase classname="trustregistry.tests.test_models" name="test_schema" time="0.000" /><testcase classname="trustregistry.tests.test_schema" name="test_get_schemas" time="0.009" /><testcase classname="trustregistry.tests.test_schema" name="test_register_schema" time="0.025" /><testcase classname="trustregistry.tests.test_schema" name="test_update_schema" time="0.017" /><testcase classname="trustregistry.tests.test_schema" name="test_remove_schema" time="0.007" /><testcase classname="trustregistry.tests.test_schema" name="test__get_schema_attrs" time="0.000" /><testcase classname="trustregistry.tests.test_schemas" name="test_actor" time="0.000" /><testcase classname="trustregistry.tests.test_schemas" name="test_schema" time="0.000" /><testcase classname="app.tests.test_definitions" name="test_credential_schema_from_acapy" time="0.002" /><testcase classname="app.tests.test_definitions" name="test_credential_definition_from_acapy" time="0.001" /><testcase classname="app.tests.test_dependencies" name="test_governance_agent" time="0.004" /><testcase classname="app.tests.test_dependencies" name="test_tenant_agent" time="0.003" /><testcase classname="app.tests.test_dependencies" name="test_agent_selector" time="0.005" /><testcase classname="app.tests.test_dependencies" name="test_admin_agent_selector" time="0.005" /><testcase classname="app.tests.test_dependencies" name="test_web_tenant" time="0.019" /><testcase classname="app.tests.test_dependencies" name="test_tenant_admin_agent" time="0.003" /><testcase classname="app.tests.test_did" name="test_ed25519_verkey_to_did_key" time="0.001" /><testcase classname="app.tests.test_did" name="test_qualified_did_sov" time="0.001" /><testcase classname="app.tests.admin.test_onboarding" name="test_onboard_issuer_public_did_exists" time="0.003" /><testcase classname="app.tests.admin.test_onboarding" name="test_onboard_issuer_no_public_did" time="10.010" /><testcase classname="app.tests.admin.test_onboarding" name="test_onboard_verifier_public_did_exists" time="0.003" /><testcase classname="app.tests.admin.test_onboarding" name="test_onboard_verifier_no_public_did" time="0.005" /><testcase classname="app.tests.admin.test_onboarding" name="test_onboard_verifier_no_recipient_keys" time="0.002" /><testcase classname="app.tests.e2e.test_connections" name="test_create_invitation" time="19.925" /><testcase classname="app.tests.e2e.test_connections" name="test_accept_invitation" time="20.810" /><testcase classname="app.tests.e2e.test_connections" name="test_get_connections" time="0.892" /><testcase classname="app.tests.e2e.test_connections" name="test_get_connection_by_id" time="0.450" /><testcase classname="app.tests.e2e.test_connections" name="test_delete_connection" time="0.558" /><testcase classname="app.tests.e2e.test_connections" name="test_bob_and_alice_connect" time="2.742" /><testcase classname="app.tests.e2e.test_connections" name="test_create_invitation_oob" time="0.228" /><testcase classname="app.tests.e2e.test_connections" name="test_accept_invitation_oob" time="0.763" /><testcase classname="app.tests.e2e.test_connections" name="test_oob_connect_via_public_did" time="25.983" /><testcase classname="app.tests.e2e.test_definitions" name="test_create_credential_definition" time="21.015" /><testcase classname="app.tests.e2e.test_definitions" name="test_create_schema" time="3.062" /><testcase classname="app.tests.e2e.test_definitions" name="test_get_schema" time="3.109" /><testcase classname="app.tests.e2e.test_definitions" name="test_get_credential_definition" time="6.793" /><testcase classname="app.tests.e2e.test_definitions" name="test_create_credential_definition_issuer_tenant" time="31.145" /><testcase classname="app.tests.e2e.test_exception_handler" name="test_error_handler" time="0.055" /><testcase classname="app.tests.e2e.test_issuer" name="test_send_credential" time="141.371" /><testcase classname="app.tests.e2e.test_issuer" name="test_get_records" time="0.174" /><testcase classname="app.tests.e2e.test_issuer" name="test_send_credential_request" time="0.944" /><testcase classname="app.tests.e2e.test_issuer" name="test_store_credential" time="4.615" /><testcase classname="app.tests.e2e.test_messaging" name="test_send_trust_ping" time="44.595" /><testcase classname="app.tests.e2e.test_messaging" name="test_send_message" time="0.848" /><testcase classname="app.tests.e2e.test_tenants" name="test_get_tenant_auth_token" time="6.444" /><testcase classname="app.tests.e2e.test_tenants" name="test_create_tenant_member" time="5.328" /><testcase classname="app.tests.e2e.test_tenants" name="test_create_tenant_issuer" time="19.497" /><testcase classname="app.tests.e2e.test_tenants" name="test_create_tenant_verifier" time="5.850" /><testcase classname="app.tests.e2e.test_tenants" name="test_update_tenant_verifier_to_issuer" time="20.260" /><testcase classname="app.tests.e2e.test_tenants" name="test_get_tenant" time="5.889" /><testcase classname="app.tests.e2e.test_tenants" name="test_get_tenants" time="5.856" /><testcase classname="app.tests.e2e.test_tenants" name="test_delete_tenant" time="6.131" /><testcase classname="app.tests.e2e.test_trust_registry_integration" name="test_accept_proof_request_verifier_no_public_did" time="44.745" /><testcase classname="app.tests.e2e.test_verifier" name="test_accept_proof_request_v1" time="191.278" /><testcase classname="app.tests.e2e.test_verifier" name="test_accept_proof_request_v2" time="1.946" /><testcase classname="app.tests.e2e.test_verifier" name="test_send_proof_request" time="1.094" /><testcase classname="app.tests.e2e.test_verifier" name="test_reject_proof_request" time="0.650" /><testcase classname="app.tests.e2e.test_verifier" name="test_get_proof_single" time="0.918" /><testcase classname="app.tests.e2e.test_verifier" name="test_get_proofs_multi" time="1.503" /><testcase classname="app.tests.e2e.test_verifier" name="test_delete_proof" time="0.945" /><testcase classname="app.tests.e2e.test_verifier" name="test_get_credentials_for_request" time="2.287" /><testcase classname="app.tests.e2e.test_wallet" name="test_list_dids" time="0.471" /><testcase classname="app.tests.e2e.test_wallet" name="test_create_local_did" time="0.103" /><testcase classname="app.tests.e2e.test_wallet" name="test_get_public_did" time="0.104" /><testcase classname="app.tests.e2e.test_wallet" name="test_get_did_endpoint" time="0.154" /><testcase classname="app.tests.e2e.test_wallet" name="test_set_public_did" time="3.497" /><testcase classname="app.tests.e2e.test_wallet" name="test_set_did_endpoint" time="3.128" /><testcase classname="app.tests.e2e.test_webhook" name="test_get_webhooks_for_wallet_by_topic" time="39.749" /><testcase classname="app.tests.e2e.test_webhook" name="test_get_webhooks_for_wallet" time="0.135" /><testcase classname="app.tests.e2e.test_webhook" name="test_get_webhooks_for_wallet_by_topic_tenant_error" time="0.009" /><testcase classname="app.tests.e2e.test_webhook" name="test_get_webhooks_for_wallet_by_topic_admin_error" time="0.911" /><testcase classname="app.tests.facades.test_acapy_ledger" name="test_error_on_get_taa" time="0.005" /><testcase classname="app.tests.facades.test_acapy_ledger" name="test_error_on_accept_taa" time="0.024" /><testcase classname="app.tests.facades.test_acapy_ledger" name="test_error_on_get_did_endpoint" time="0.004" /><testcase classname="app.tests.facades.test_acapy_ledger" name="test_schema_id_from_credential_definition_id_seq_no" time="0.003" /><testcase classname="app.tests.facades.test_acapy_ledger" name="test_schema_id_from_credential_definition_id_schema_id" time="0.001" /><testcase classname="app.tests.facades.test_acapy_wallet" name="test_assert_public_did" time="0.002" /><testcase classname="app.tests.facades.test_acapy_wallet" name="test_error_on_get_pub_did" time="0.002" /><testcase classname="app.tests.facades.test_acapy_wallet" name="test_error_on_assign_pub_did" time="0.002" /><testcase classname="app.tests.facades.test_trust_registry" name="test_assert_valid_issuer" time="0.013" /><testcase classname="app.tests.facades.test_trust_registry" name="test_actor_has_role" time="0.005" /><testcase classname="app.tests.facades.test_trust_registry" name="test_actor_by_did" time="0.004" /><testcase classname="app.tests.facades.test_trust_registry" name="test_actor_with_role" time="0.005" /><testcase classname="app.tests.facades.test_trust_registry" name="test_registry_has_schema" time="0.004" /><testcase classname="app.tests.facades.test_trust_registry" name="test_register_schema" time="0.003" /><testcase classname="app.tests.facades.test_trust_registry" name="test_register_actor" time="0.003" /><testcase classname="app.tests.facades.test_trust_registry" name="test_remove_actor_by_id" time="0.002" /><testcase classname="app.tests.facades.test_trust_registry" name="test_remove_schema_by_id" time="0.002" /><testcase classname="app.tests.facades.test_trust_registry" name="test_get_actor_by_did" time="0.004" /><testcase classname="app.tests.facades.test_trust_registry" name="test_update_actor" time="0.003" /><testcase classname="app.tests.facades.test_webhooks" name="test_get_hooks_per_topic_per_wallet" time="0.002" /><testcase classname="app.tests.facades.test_webhooks" name="test_get_hooks_per_wallet" time="0.002" /><testcase classname="app.tests.issuer.test_acapy_issuer_v1_facade" name="test_get_records" time="0.002" /><testcase classname="app.tests.issuer.test_acapy_issuer_v1_facade" name="test_get_records_connection_id" time="0.002" /><testcase classname="app.tests.issuer.test_acapy_issuer_v1_facade" name="test_get_record" time="0.002" /><testcase classname="app.tests.issuer.test_acapy_issuer_v1_facade" name="test_delete_credential_exchange_with_credential" time="0.002" /><testcase classname="app.tests.issuer.test_acapy_issuer_v1_facade" name="test_delete_credential_exchange_without_credential" time="0.002" /><testcase classname="app.tests.issuer.test_acapy_issuer_v1_facade" name="test_send_credential" time="0.002" /><testcase classname="app.tests.issuer.test_acapy_issuer_v1_facade" name="test_store_credential" time="0.002" /><testcase classname="app.tests.issuer.test_acapy_issuer_v1_facade" name="test_request_credential" time="0.002" /><testcase classname="app.tests.issuer.test_acapy_issuer_v2_facade" name="test_get_records" time="0.002" /><testcase classname="app.tests.issuer.test_acapy_issuer_v2_facade" name="test_get_records_connection_id" time="0.002" /><testcase classname="app.tests.issuer.test_acapy_issuer_v2_facade" name="test_get_record" time="0.002" /><testcase classname="app.tests.issuer.test_acapy_issuer_v2_facade" name="test_delete_credential_exchange_with_credential" time="0.002" /><testcase classname="app.tests.issuer.test_acapy_issuer_v2_facade" name="test_delete_credential_exchange_without_credential" time="0.002" /><testcase classname="app.tests.issuer.test_acapy_issuer_v2_facade" name="test_send_credential" time="0.003" /><testcase classname="app.tests.issuer.test_acapy_issuer_v2_facade" name="test_store_credential" time="0.002" /><testcase classname="app.tests.issuer.test_acapy_issuer_v2_facade" name="test_request_credential" time="0.002" /><testcase classname="app.tests.issuer.test_issuer" name="test_send_credential" time="0.002" /><testcase classname="app.tests.issuer.test_issuer" name="test_get_credentials" time="0.002" /><testcase classname="app.tests.issuer.test_issuer" name="test_get_credential" time="0.002" /><testcase classname="app.tests.issuer.test_issuer" name="test_remove_credential" time="0.002" /><testcase classname="app.tests.issuer.test_issuer" name="test_request_credential" time="0.002" /><testcase classname="app.tests.issuer.test_issuer" name="test_request_credential_x_no_schema_cred_def" time="0.002" /><testcase classname="app.tests.issuer.test_issuer" name="test_store_credential" time="0.001" /><testcase classname="app.tests.verifier.test_acapy_verifier_v1_facade" name="test_create_proof_request" time="0.002" /><testcase classname="app.tests.verifier.test_acapy_verifier_v1_facade" name="test_send_proof_request" time="0.002" /><testcase classname="app.tests.verifier.test_acapy_verifier_v1_facade" name="test_accept_proof_request" time="0.003" /><testcase classname="app.tests.verifier.test_acapy_verifier_v1_facade" name="test_reject_proof_reject" time="0.003" /><testcase classname="app.tests.verifier.test_acapy_verifier_v2_facade" name="test_create_proof_request" time="0.006" /><testcase classname="app.tests.verifier.test_acapy_verifier_v2_facade" name="test_send_proof_request" time="0.004" /><testcase classname="app.tests.verifier.test_acapy_verifier_v2_facade" name="test_accept_proof_request" time="0.004" /><testcase classname="app.tests.verifier.test_acapy_verifier_v2_facade" name="test_reject_proof_reject" time="0.005" /><testcase classname="app.tests.verifier.test_verifier" name="test_send_proof_request_v1" time="0.008" /><testcase classname="app.tests.verifier.test_verifier" name="test_send_proof_request_v2" time="0.003" /><testcase classname="app.tests.verifier.test_verifier" name="test_create_proof_request" time="0.003" /><testcase classname="app.tests.verifier.test_verifier" name="test_accept_proof_request_v1" time="0.003" /><testcase classname="app.tests.verifier.test_verifier" name="test_accept_proof_request_v2" time="0.003" /><testcase classname="app.tests.verifier.test_verifier" name="test_reject_proof_request" time="0.004" /><testcase classname="app.tests.verifier.test_verifier" name="test_delete_proof" time="0.004" /><testcase classname="app.tests.verifier.test_verifier" name="test_get_proof_record" time="0.002" /><testcase classname="app.tests.verifier.test_verifier" name="test_get_proof_records" time="0.002" /><testcase classname="app.tests.verifier.test_verifier" name="test_get_credentials_for_request" time="0.002" /><testcase classname="app.tests.verifier.test_verifier_utils" name="test_are_valid_schemas" time="0.002" /><testcase classname="app.tests.verifier.test_verifier_utils" name="test_get_connection_record" time="0.003" /><testcase classname="app.tests.verifier.test_verifier_utils" name="test_get_schema_ids" time="0.002" /><testcase classname="app.tests.verifier.test_verifier_utils" name="test_ed25519_verkey_to_did_key" time="0.002" /><testcase classname="app.tests.verifier.test_verifier_utils" name="test_is_verifier" time="0.001" /><testcase classname="app.tests.verifier.test_verifier_utils" name="test_get_actor" time="0.003" /><testcase classname="app.tests.verifier.test_verifier_utils" name="test_assert_valid_prover_invitation_key" time="0.004" /><testcase classname="app.tests.verifier.test_verifier_utils" name="test_assert_valid_prover_public_did" time="0.004" /><testcase classname="app.tests.verifier.test_verifier_utils" name="test_assert_valid_prover_x_no_public_did_no_invitation_key" time="0.002" /><testcase classname="app.tests.verifier.test_verifier_utils" name="test_assert_valid_prover_x_actor_invalid_role" time="0.003" /><testcase classname="app.tests.verifier.test_verifier_utils" name="test_assert_valid_prover_x_invalid_schemas" time="0.004" /><testcase classname="app.tests.verifier.test_verifier_utils" name="test_assert_valid_prover_x_no_connection_id" time="0.002" /><testcase classname="app.tests.verifier.test_verifier_utils" name="test_assert_valid_verifier_invitation_key" time="0.003" /><testcase classname="app.tests.verifier.test_verifier_utils" name="test_assert_valid_verifier_public_did" time="0.003" /><testcase classname="app.tests.verifier.test_verifier_utils" name="test_assert_valid_verifier_x_no_public_did_no_invitation_key" time="0.003" /><testcase classname="app.tests.verifier.test_verifier_utils" name="test_assert_valid_verifier_x_not_verifier" time="0.004" /></testsuite></testsuites>