<?xml version="1.0" encoding="utf-8"?><testsuites><testsuite name="pytest" errors="0" failures="0" skipped="0" tests="0" time="0.194" timestamp="2021-07-08T14:25:35.307799" hostname="localhost" /></testsuites>