<?xml version="1.0" encoding="utf-8"?><testsuites><testsuite name="pytest" errors="0" failures="0" skipped="0" tests="5" time="34.035" timestamp="2021-07-08T16:04:23.678182" hostname="localhost"><testcase classname="tests.test_connections" name="test_create_invite" time="6.508" /><testcase classname="tests.test_connections" name="test_accept_invite" time="6.756" /><testcase classname="tests.test_connections" name="test_get_connections" time="6.948" /><testcase classname="tests.test_connections" name="test_get_connection_by_id" time="6.853" /><testcase classname="tests.test_connections" name="test_delete_connection" time="6.859" /></testsuite></testsuites>