<?xml version="1.0" encoding="utf-8"?><testsuites><testsuite name="pytest" errors="0" failures="0" skipped="0" tests="0" time="0.356" timestamp="2021-08-26T10:39:22.977324" hostname="localhost" /></testsuites>