<?xml version="1.0" encoding="utf-8"?><testsuites><testsuite name="pytest" errors="0" failures="0" skipped="0" tests="0" time="0.516" timestamp="2021-08-17T09:38:11.790422" hostname="localhost" /></testsuites>