<?xml version="1.0" encoding="utf-8"?><testsuites><testsuite name="pytest" errors="0" failures="0" skipped="0" tests="0" time="0.225" timestamp="2021-08-24T08:48:08.712737" hostname="localhost" /></testsuites>