<?xml version="1.0" encoding="utf-8"?><testsuites><testsuite name="pytest" errors="0" failures="0" skipped="0" tests="1" time="23.674" timestamp="2022-10-19T14:33:34.631301" hostname="felurian"><testcase classname="tests.e2e.test_connections" name="test_oob_connect_via_public_did" time="23.651" /></testsuite></testsuites>