<?xml version="1.0" encoding="utf-8"?><testsuites><testsuite name="pytest" errors="0" failures="0" skipped="0" tests="6" time="0.090" timestamp="2021-07-05T10:42:18.898771" hostname="localhost"><testcase classname="tests.test_dependencies" name="test_extract_token_from_bearer" time="0.005" /><testcase classname="tests.test_dependencies" name="test_yoma_agent" time="0.004" /><testcase classname="tests.test_dependencies" name="test_ecosystem_agent" time="0.003" /><testcase classname="tests.test_dependencies" name="test_member_agent" time="0.003" /><testcase classname="tests.test_dependencies" name="test_member_admin_agent" time="0.003" /><testcase classname="tests.test_dependencies" name="test_ecosystem_admin_agent" time="0.003" /></testsuite></testsuites>