<<<<<<< HEAD
<?xml version="1.0" encoding="utf-8"?><testsuites><testsuite name="pytest" errors="1" failures="0" skipped="0" tests="1" time="12.170" timestamp="2022-10-19T14:57:53.277241" hostname="felurian"><testcase classname="tests.e2e.test_connections" name="test_oob_connect_via_public_did" time="12.081"><error message="failed on setup with &quot;Exception: ('Error creating issuer tenant', '{&quot;detail&quot;:&quot;Internal Server Error&quot;,&quot;stack&quot;:&quot;Traceback (most recent call last):\\n  File \\&quot;/usr/local/lib/python3.8/site-packages/starlette/middleware/errors.py\\&quot;, line 159, in __call__\\n    await self.app(scope, receive, _send)\\n  File \\&quot;/usr/local/lib/python3.8/site-packages/starlette/exceptions.py\\&quot;, line 82, in __call__\\n    raise exc from None\\n  File \\&quot;/usr/local/lib/python3.8/site-packages/starlette/exceptions.py\\&quot;, line 71, in __call__\\n    await self.app(scope, receive, sender)\\n  File \\&quot;/usr/local/lib/python3.8/site-packages/starlette/routing.py\\&quot;, line 580, in __call__\\n    await route.handle(scope, receive, send)\\n  File \\&quot;/usr/local/lib/python3.8/site-packages/starlette/routing.py\\&quot;, line 241, in handle\\n    await self.app(scope, receive, send)\\n  File \\&quot;/usr/local/lib/python3.8/site-packages/starlette/routing.py\\&quot;, line 52, in app\\n    response = await func(request)\\n  File \\&quot;/usr/local/lib/python3.8/site-packages/fastapi/routing.py\\&quot;, line 214, in app\\n    raw_response = await run_endpoint_function(\\n  File \\&quot;/usr/local/lib/python3.8/site-packages/fastapi/routing.py\\&quot;, line 149, in run_endpoint_function\\n    return await dependant.call(**values)\\n  File \\&quot;/app/admin/tenants/tenants.py\\&quot;, line 78, in create_tenant\\n    onboard_result = await onboard_tenant(\\n  File \\&quot;/app/admin/tenants/onboarding.py\\&quot;, line 92, in onboard_tenant\\n    return await onboard_issuer(\\n  File \\&quot;/app/admin/tenants/onboarding.py\\&quot;, line 134, in onboard_issuer\\n    invitation = await endorser_controller.out_of_band.create_invitation(\\n  File \\&quot;/usr/local/lib/python3.8/site-packages/aries_cloudcontroller/api/out_of_band.py\\&quot;, line 37, in create_invitation\\n    return await self.__create_invitation(\\n  File \\&quot;/usr/local/lib/python3.8/site-packages/uplink/clients/io/asyncio_strategy.py\\&quot;, line 38, in execute\\n    response = yield from executable.execute()\\n  File \\&quot;/usr/local/lib/python3.8/site-packages/uplink/clients/io/asyncio_strategy.py\\&quot;, line 20, in invoke\\n    response = yield from callback.on_failure(type(error), error, tb)\\n  File \\&quot;/usr/local/lib/python3.8/site-packages/uplink/clients/io/asyncio_strategy.py\\&quot;, line 20, in invoke\\n    response = yield from callback.on_failure(type(error), error, tb)\\n  File \\&quot;/usr/local/lib/python3.8/site-packages/uplink/clients/io/asyncio_strategy.py\\&quot;, line 20, in invoke\\n    response = yield from callback.on_failure(type(error), error, tb)\\n  File \\&quot;/usr/local/lib/python3.8/site-packages/uplink/clients/io/execution.py\\&quot;, line 108, in on_failure\\n    return self._io.fail(exc_type, exc_val, exc_tb)\\n  File \\&quot;/usr/local/lib/python3.8/site-packages/uplink/clients/io/execution.py\\&quot;, line 128, in fail\\n    return self._io.fail(exc_type, exc_val, exc_tb)\\n  File \\&quot;/usr/local/lib/python3.8/site-packages/uplink/clients/io/interfaces.py\\&quot;, line 303, in fail\\n    compat.reraise(exc_type, exc_val, exc_tb)\\n  File \\&quot;/usr/local/lib/python3.8/site-packages/six.py\\&quot;, line 719, in reraise\\n    raise value\\n  File \\&quot;/usr/local/lib/python3.8/site-packages/uplink/clients/io/asyncio_strategy.py\\&quot;, line 17, in invoke\\n    response = yield from func(*args, **kwargs)\\n  File \\&quot;/usr/local/lib/python3.8/site-packages/uplink/hooks.py\\&quot;, line 109, in handle_exception\\n    compat.reraise(exc_type, exc_val, exc_tb)\\n  File \\&quot;/usr/local/lib/python3.8/site-packages/six.py\\&quot;, line 719, in reraise\\n    raise value\\n  File \\&quot;/usr/local/lib/python3.8/site-packages/uplink/clients/io/asyncio_strategy.py\\&quot;, line 17, in invoke\\n    response = yield from func(*args, **kwargs)\\n  File \\&quot;/usr/local/lib/python3.8/site-packages/uplink/hooks.py\\&quot;, line 109, in handle_exception\\n    compat.reraise(exc_type, exc_val, exc_tb)\\n  File \\&quot;/usr/local/lib/python3.8/site-packages/six.py\\&quot;, line 719, in reraise\\n    raise value\\n  File \\&quot;/usr/local/lib/python3.8/site-packages/uplink/clients/io/asyncio_strategy.py\\&quot;, line 17, in invoke\\n    response = yield from func(*args, **kwargs)\\n  File \\&quot;/usr/local/lib/python3.8/site-packages/uplink/clients/aiohttp_.py\\&quot;, line 135, in send\\n    response = yield from session.request(method, url, **extras)\\n  File \\&quot;/usr/local/lib/python3.8/site-packages/aiohttp/client.py\\&quot;, line 643, in _request\\n    resp.raise_for_status()\\n  File \\&quot;/usr/local/lib/python3.8/site-packages/aiohttp/client_reqrep.py\\&quot;, line 1005, in raise_for_status\\n    raise ClientResponseError(\\naiohttp.client_exceptions.ClientResponseError: 500, message=\'Internal Server Error\', url=URL(\'http://governance-ga-agent:3021/out-of-band/create-invitation?auto_accept=true\')\\n&quot;}')&quot;">args = (), kwargs = {}
request = &lt;SubRequest 'bob_member_client' for &lt;Function test_oob_connect_via_public_did&gt;&gt;
setup = &lt;function pytest_fixture_setup.&lt;locals&gt;.wrapper.&lt;locals&gt;.setup at 0x1081a3700&gt;
finalizer = &lt;function pytest_fixture_setup.&lt;locals&gt;.wrapper.&lt;locals&gt;.finalizer at 0x1081a3b80&gt;

    def wrapper(*args, **kwargs):
        loop = fixture_stripper.get_and_strip_from(
            FixtureStripper.EVENT_LOOP, kwargs
        )
        request = fixture_stripper.get_and_strip_from(
            FixtureStripper.REQUEST, kwargs
        )
    
        gen_obj = generator(*args, **kwargs)
    
        async def setup():
            res = await gen_obj.__anext__()
            return res
    
        def finalizer():
            """Yield again, to finalize."""
    
            async def async_finalizer():
                try:
                    await gen_obj.__anext__()
                except StopAsyncIteration:
                    pass
                else:
                    msg = "Async generator fixture didn't stop."
                    msg += "Yield only once."
                    raise ValueError(msg)
    
            loop.run_until_complete(async_finalizer())
    
        request.addfinalizer(finalizer)
&gt;       return loop.run_until_complete(setup())

../../.pyenv/versions/3.8.10/lib/python3.8/site-packages/pytest_asyncio/plugin.py:142: 
_ _ _ _ _ _ _ _ _ _ _ _ _ _ _ _ _ _ _ _ _ _ _ _ _ _ _ _ _ _ _ _ _ _ _ _ _ _ _ 
../../.pyenv/versions/3.8.10/lib/python3.8/asyncio/base_events.py:616: in run_until_complete
    return future.result()
../../.pyenv/versions/3.8.10/lib/python3.8/site-packages/pytest_asyncio/plugin.py:123: in setup
    res = await gen_obj.__anext__()
app/tests/util/member_personas.py:35: in bob_member_client
    tenant = await create_issuer_tenant(client, "bob")
_ _ _ _ _ _ _ _ _ _ _ _ _ _ _ _ _ _ _ _ _ _ _ _ _ _ _ _ _ _ _ _ _ _ _ _ _ _ _ 

tenant_admin_client = &lt;httpx.AsyncClient object at 0x1081a63a0&gt;, name = 'bob'

    async def create_issuer_tenant(tenant_admin_client: AsyncClient, name: str):
        full_name = f"{name}{get_random_string(3)}"
        wallet_payload = {"name": full_name, "roles": ["issuer"]}
    
        wallet_response = await tenant_admin_client.post(
            "/admin/tenants", json=wallet_payload
        )
    
        if wallet_response.is_error:
&gt;           raise Exception("Error creating issuer tenant", wallet_response.text)
E           Exception: ('Error creating issuer tenant', '{"detail":"Internal Server Error","stack":"Traceback (most recent call last):\\n  File \\"/usr/local/lib/python3.8/site-packages/starlette/middleware/errors.py\\", line 159, in __call__\\n    await self.app(scope, receive, _send)\\n  File \\"/usr/local/lib/python3.8/site-packages/starlette/exceptions.py\\", line 82, in __call__\\n    raise exc from None\\n  File \\"/usr/local/lib/python3.8/site-packages/starlette/exceptions.py\\", line 71, in __call__\\n    await self.app(scope, receive, sender)\\n  File \\"/usr/local/lib/python3.8/site-packages/starlette/routing.py\\", line 580, in __call__\\n    await route.handle(scope, receive, send)\\n  File \\"/usr/local/lib/python3.8/site-packages/starlette/routing.py\\", line 241, in handle\\n    await self.app(scope, receive, send)\\n  File \\"/usr/local/lib/python3.8/site-packages/starlette/routing.py\\", line 52, in app\\n    response = await func(request)\\n  File \\"/usr/local/lib/python3.8/site-packages/fastapi/routing.py\\", line 214, in app\\n    raw_response = await run_endpoint_function(\\n  File \\"/usr/local/lib/python3.8/site-packages/fastapi/routing.py\\", line 149, in run_endpoint_function\\n    return await dependant.call(**values)\\n  File \\"/app/admin/tenants/tenants.py\\", line 78, in create_tenant\\n    onboard_result = await onboard_tenant(\\n  File \\"/app/admin/tenants/onboarding.py\\", line 92, in onboard_tenant\\n    return await onboard_issuer(\\n  File \\"/app/admin/tenants/onboarding.py\\", line 134, in onboard_issuer\\n    invitation = await endorser_controller.out_of_band.create_invitation(\\n  File \\"/usr/local/lib/python3.8/site-packages/aries_cloudcontroller/api/out_of_band.py\\", line 37, in create_invitation\\n    return await self.__create_invitation(\\n  File \\"/usr/local/lib/python3.8/site-packages/uplink/clients/io/asyncio_strategy.py\\", line 38, in execute\\n    response = yield from executable.execute()\\n  File \\"/usr/local/lib/python3.8/site-packages/uplink/clients/io/asyncio_strategy.py\\", line 20, in invoke\\n    response = yield from callback.on_failure(type(error), error, tb)\\n  File \\"/usr/local/lib/python3.8/site-packages/uplink/clients/io/asyncio_strategy.py\\", line 20, in invoke\\n    response = yield from callback.on_failure(type(error), error, tb)\\n  File \\"/usr/local/lib/python3.8/site-packages/uplink/clients/io/asyncio_strategy.py\\", line 20, in invoke\\n    response = yield from callback.on_failure(type(error), error, tb)\\n  File \\"/usr/local/lib/python3.8/site-packages/uplink/clients/io/execution.py\\", line 108, in on_failure\\n    return self._io.fail(exc_type, exc_val, exc_tb)\\n  File \\"/usr/local/lib/python3.8/site-packages/uplink/clients/io/execution.py\\", line 128, in fail\\n    return self._io.fail(exc_type, exc_val, exc_tb)\\n  File \\"/usr/local/lib/python3.8/site-packages/uplink/clients/io/interfaces.py\\", line 303, in fail\\n    compat.reraise(exc_type, exc_val, exc_tb)\\n  File \\"/usr/local/lib/python3.8/site-packages/six.py\\", line 719, in reraise\\n    raise value\\n  File \\"/usr/local/lib/python3.8/site-packages/uplink/clients/io/asyncio_strategy.py\\", line 17, in invoke\\n    response = yield from func(*args, **kwargs)\\n  File \\"/usr/local/lib/python3.8/site-packages/uplink/hooks.py\\", line 109, in handle_exception\\n    compat.reraise(exc_type, exc_val, exc_tb)\\n  File \\"/usr/local/lib/python3.8/site-packages/six.py\\", line 719, in reraise\\n    raise value\\n  File \\"/usr/local/lib/python3.8/site-packages/uplink/clients/io/asyncio_strategy.py\\", line 17, in invoke\\n    response = yield from func(*args, **kwargs)\\n  File \\"/usr/local/lib/python3.8/site-packages/uplink/hooks.py\\", line 109, in handle_exception\\n    compat.reraise(exc_type, exc_val, exc_tb)\\n  File \\"/usr/local/lib/python3.8/site-packages/six.py\\", line 719, in reraise\\n    raise value\\n  File \\"/usr/local/lib/python3.8/site-packages/uplink/clients/io/asyncio_strategy.py\\", line 17, in invoke\\n    response = yield from func(*args, **kwargs)\\n  File \\"/usr/local/lib/python3.8/site-packages/uplink/clients/aiohttp_.py\\", line 135, in send\\n    response = yield from session.request(method, url, **extras)\\n  File \\"/usr/local/lib/python3.8/site-packages/aiohttp/client.py\\", line 643, in _request\\n    resp.raise_for_status()\\n  File \\"/usr/local/lib/python3.8/site-packages/aiohttp/client_reqrep.py\\", line 1005, in raise_for_status\\n    raise ClientResponseError(\\naiohttp.client_exceptions.ClientResponseError: 500, message=\'Internal Server Error\', url=URL(\'http://governance-ga-agent:3021/out-of-band/create-invitation?auto_accept=true\')\\n"}')

app/tests/util/tenants.py:15: Exception</error></testcase></testsuite></testsuites>
=======
<?xml version="1.0" encoding="utf-8"?><testsuites><testsuite name="pytest" errors="0" failures="0" skipped="0" tests="165" time="612.138" timestamp="2022-10-20T21:02:07.738505" hostname="felurian"><testcase classname="trustregistry.tests.test_actor" name="test_get_actors" time="0.039" /><testcase classname="trustregistry.tests.test_actor" name="test_register_actor" time="0.023" /><testcase classname="trustregistry.tests.test_actor" name="test_update_actor" time="0.019" /><testcase classname="trustregistry.tests.test_actor" name="test_update_actor_x" time="0.004" /><testcase classname="trustregistry.tests.test_actor" name="test_remove_schema" time="0.009" /><testcase classname="trustregistry.tests.test_crud" name="test_get_actors" time="0.001" /><testcase classname="trustregistry.tests.test_crud" name="test_create_actor" time="0.002" /><testcase classname="trustregistry.tests.test_crud" name="test_update_actor" time="0.002" /><testcase classname="trustregistry.tests.test_crud" name="test_delete_actor" time="0.001" /><testcase classname="trustregistry.tests.test_crud" name="test_get_schemas" time="0.001" /><testcase classname="trustregistry.tests.test_crud" name="test_create_schema" time="0.003" /><testcase classname="trustregistry.tests.test_crud" name="test_update_schema" time="0.002" /><testcase classname="trustregistry.tests.test_crud" name="test_delete_schema" time="0.001" /><testcase classname="trustregistry.tests.test_main" name="test_root" time="0.004" /><testcase classname="trustregistry.tests.test_main" name="test_registry" time="0.004" /><testcase classname="trustregistry.tests.test_models" name="test_actor" time="0.000" /><testcase classname="trustregistry.tests.test_models" name="test_schema" time="0.000" /><testcase classname="trustregistry.tests.test_schema" name="test_get_schemas" time="0.010" /><testcase classname="trustregistry.tests.test_schema" name="test_register_schema" time="0.020" /><testcase classname="trustregistry.tests.test_schema" name="test_update_schema" time="0.018" /><testcase classname="trustregistry.tests.test_schema" name="test_remove_schema" time="0.010" /><testcase classname="trustregistry.tests.test_schema" name="test__get_schema_attrs" time="0.000" /><testcase classname="trustregistry.tests.test_schemas" name="test_actor" time="0.000" /><testcase classname="trustregistry.tests.test_schemas" name="test_schema" time="0.000" /><testcase classname="app.tests.test_definitions" name="test_credential_schema_from_acapy" time="0.001" /><testcase classname="app.tests.test_definitions" name="test_credential_definition_from_acapy" time="0.001" /><testcase classname="app.tests.test_dependencies" name="test_governance_agent" time="0.003" /><testcase classname="app.tests.test_dependencies" name="test_tenant_agent" time="0.004" /><testcase classname="app.tests.test_dependencies" name="test_agent_selector" time="0.005" /><testcase classname="app.tests.test_dependencies" name="test_admin_agent_selector" time="0.005" /><testcase classname="app.tests.test_dependencies" name="test_web_tenant" time="0.018" /><testcase classname="app.tests.test_dependencies" name="test_tenant_admin_agent" time="0.004" /><testcase classname="app.tests.test_did" name="test_ed25519_verkey_to_did_key" time="0.001" /><testcase classname="app.tests.test_did" name="test_qualified_did_sov" time="0.001" /><testcase classname="app.tests.admin.test_onboarding" name="test_onboard_issuer_public_did_exists" time="0.003" /><testcase classname="app.tests.admin.test_onboarding" name="test_onboard_issuer_no_public_did" time="10.008" /><testcase classname="app.tests.admin.test_onboarding" name="test_onboard_verifier_public_did_exists" time="0.002" /><testcase classname="app.tests.admin.test_onboarding" name="test_onboard_verifier_no_public_did" time="0.005" /><testcase classname="app.tests.admin.test_onboarding" name="test_onboard_verifier_no_recipient_keys" time="0.002" /><testcase classname="app.tests.e2e.test_connections" name="test_create_invitation" time="5.637" /><testcase classname="app.tests.e2e.test_connections" name="test_accept_invitation" time="7.942" /><testcase classname="app.tests.e2e.test_connections" name="test_get_connections" time="0.990" /><testcase classname="app.tests.e2e.test_connections" name="test_get_connection_by_id" time="0.451" /><testcase classname="app.tests.e2e.test_connections" name="test_delete_connection" time="0.655" /><testcase classname="app.tests.e2e.test_connections" name="test_bob_and_alice_connect" time="3.904" /><testcase classname="app.tests.e2e.test_connections" name="test_create_invitation_oob" time="0.264" /><testcase classname="app.tests.e2e.test_connections" name="test_accept_invitation_oob" time="0.927" /><testcase classname="app.tests.e2e.test_connections" name="test_oob_connect_via_public_did" time="27.807" /><testcase classname="app.tests.e2e.test_definitions" name="test_create_credential_definition" time="14.607" /><testcase classname="app.tests.e2e.test_definitions" name="test_create_schema" time="3.045" /><testcase classname="app.tests.e2e.test_definitions" name="test_get_schema" time="3.163" /><testcase classname="app.tests.e2e.test_definitions" name="test_get_credential_definition" time="5.996" /><testcase classname="app.tests.e2e.test_definitions" name="test_create_credential_definition_issuer_tenant" time="30.213" /><testcase classname="app.tests.e2e.test_exception_handler" name="test_error_handler" time="0.057" /><testcase classname="app.tests.e2e.test_issuer" name="test_send_credential" time="122.361" /><testcase classname="app.tests.e2e.test_issuer" name="test_get_records" time="0.194" /><testcase classname="app.tests.e2e.test_issuer" name="test_send_credential_request" time="1.968" /><testcase classname="app.tests.e2e.test_issuer" name="test_store_credential" time="4.677" /><testcase classname="app.tests.e2e.test_messaging" name="test_send_trust_ping" time="13.627" /><testcase classname="app.tests.e2e.test_messaging" name="test_send_message" time="0.688" /><testcase classname="app.tests.e2e.test_tenants" name="test_get_tenant_auth_token" time="5.980" /><testcase classname="app.tests.e2e.test_tenants" name="test_create_tenant_member" time="5.320" /><testcase classname="app.tests.e2e.test_tenants" name="test_create_tenant_issuer" time="20.077" /><testcase classname="app.tests.e2e.test_tenants" name="test_create_tenant_verifier" time="5.910" /><testcase classname="app.tests.e2e.test_tenants" name="test_update_tenant_verifier_to_issuer" time="20.714" /><testcase classname="app.tests.e2e.test_tenants" name="test_get_tenant" time="5.942" /><testcase classname="app.tests.e2e.test_tenants" name="test_get_tenants" time="6.017" /><testcase classname="app.tests.e2e.test_tenants" name="test_delete_tenant" time="6.298" /><testcase classname="app.tests.e2e.test_trust_registry_integration" name="test_accept_proof_request_verifier_no_public_did" time="51.246" /><testcase classname="app.tests.e2e.test_verifier" name="test_accept_proof_request_v1" time="191.976" /><testcase classname="app.tests.e2e.test_verifier" name="test_accept_proof_request_v2" time="2.158" /><testcase classname="app.tests.e2e.test_verifier" name="test_send_proof_request" time="1.270" /><testcase classname="app.tests.e2e.test_verifier" name="test_reject_proof_request" time="0.746" /><testcase classname="app.tests.e2e.test_verifier" name="test_get_proof_single" time="1.049" /><testcase classname="app.tests.e2e.test_verifier" name="test_get_proofs_multi" time="1.629" /><testcase classname="app.tests.e2e.test_verifier" name="test_delete_proof" time="1.103" /><testcase classname="app.tests.e2e.test_verifier" name="test_get_credentials_for_request" time="2.294" /><testcase classname="app.tests.e2e.test_wallet" name="test_list_dids" time="0.500" /><testcase classname="app.tests.e2e.test_wallet" name="test_create_local_did" time="0.093" /><testcase classname="app.tests.e2e.test_wallet" name="test_get_public_did" time="0.097" /><testcase classname="app.tests.e2e.test_wallet" name="test_get_did_endpoint" time="0.199" /><testcase classname="app.tests.e2e.test_wallet" name="test_set_public_did" time="3.520" /><testcase classname="app.tests.e2e.test_wallet" name="test_set_did_endpoint" time="3.143" /><testcase classname="app.tests.e2e.test_webhook" name="test_get_webhooks_for_wallet_by_topic" time="13.497" /><testcase classname="app.tests.e2e.test_webhook" name="test_get_webhooks_for_wallet" time="0.086" /><testcase classname="app.tests.e2e.test_webhook" name="test_get_webhooks_for_wallet_by_topic_tenant_error" time="0.007" /><testcase classname="app.tests.e2e.test_webhook" name="test_get_webhooks_for_wallet_by_topic_admin_error" time="0.450" /><testcase classname="app.tests.facades.test_acapy_ledger" name="test_error_on_get_taa" time="0.003" /><testcase classname="app.tests.facades.test_acapy_ledger" name="test_error_on_accept_taa" time="0.005" /><testcase classname="app.tests.facades.test_acapy_ledger" name="test_error_on_get_did_endpoint" time="0.002" /><testcase classname="app.tests.facades.test_acapy_ledger" name="test_schema_id_from_credential_definition_id_seq_no" time="0.002" /><testcase classname="app.tests.facades.test_acapy_ledger" name="test_schema_id_from_credential_definition_id_schema_id" time="0.002" /><testcase classname="app.tests.facades.test_acapy_wallet" name="test_assert_public_did" time="0.002" /><testcase classname="app.tests.facades.test_acapy_wallet" name="test_error_on_get_pub_did" time="0.002" /><testcase classname="app.tests.facades.test_acapy_wallet" name="test_error_on_assign_pub_did" time="0.002" /><testcase classname="app.tests.facades.test_trust_registry" name="test_assert_valid_issuer" time="0.012" /><testcase classname="app.tests.facades.test_trust_registry" name="test_actor_has_role" time="0.007" /><testcase classname="app.tests.facades.test_trust_registry" name="test_actor_by_did" time="0.004" /><testcase classname="app.tests.facades.test_trust_registry" name="test_actor_with_role" time="0.004" /><testcase classname="app.tests.facades.test_trust_registry" name="test_registry_has_schema" time="0.004" /><testcase classname="app.tests.facades.test_trust_registry" name="test_register_schema" time="0.003" /><testcase classname="app.tests.facades.test_trust_registry" name="test_register_actor" time="0.003" /><testcase classname="app.tests.facades.test_trust_registry" name="test_remove_actor_by_id" time="0.002" /><testcase classname="app.tests.facades.test_trust_registry" name="test_remove_schema_by_id" time="0.003" /><testcase classname="app.tests.facades.test_trust_registry" name="test_get_actor_by_did" time="0.004" /><testcase classname="app.tests.facades.test_trust_registry" name="test_update_actor" time="0.003" /><testcase classname="app.tests.facades.test_webhooks" name="test_get_hooks_per_topic_per_wallet" time="0.001" /><testcase classname="app.tests.facades.test_webhooks" name="test_get_hooks_per_wallet" time="0.002" /><testcase classname="app.tests.issuer.test_acapy_issuer_v1_facade" name="test_get_records" time="0.003" /><testcase classname="app.tests.issuer.test_acapy_issuer_v1_facade" name="test_get_records_connection_id" time="0.002" /><testcase classname="app.tests.issuer.test_acapy_issuer_v1_facade" name="test_get_record" time="0.002" /><testcase classname="app.tests.issuer.test_acapy_issuer_v1_facade" name="test_delete_credential_exchange_with_credential" time="0.003" /><testcase classname="app.tests.issuer.test_acapy_issuer_v1_facade" name="test_delete_credential_exchange_without_credential" time="0.001" /><testcase classname="app.tests.issuer.test_acapy_issuer_v1_facade" name="test_send_credential" time="0.001" /><testcase classname="app.tests.issuer.test_acapy_issuer_v1_facade" name="test_store_credential" time="0.001" /><testcase classname="app.tests.issuer.test_acapy_issuer_v1_facade" name="test_request_credential" time="0.001" /><testcase classname="app.tests.issuer.test_acapy_issuer_v2_facade" name="test_get_records" time="0.002" /><testcase classname="app.tests.issuer.test_acapy_issuer_v2_facade" name="test_get_records_connection_id" time="0.002" /><testcase classname="app.tests.issuer.test_acapy_issuer_v2_facade" name="test_get_record" time="0.002" /><testcase classname="app.tests.issuer.test_acapy_issuer_v2_facade" name="test_delete_credential_exchange_with_credential" time="0.002" /><testcase classname="app.tests.issuer.test_acapy_issuer_v2_facade" name="test_delete_credential_exchange_without_credential" time="0.002" /><testcase classname="app.tests.issuer.test_acapy_issuer_v2_facade" name="test_send_credential" time="0.002" /><testcase classname="app.tests.issuer.test_acapy_issuer_v2_facade" name="test_store_credential" time="0.002" /><testcase classname="app.tests.issuer.test_acapy_issuer_v2_facade" name="test_request_credential" time="0.002" /><testcase classname="app.tests.issuer.test_issuer" name="test_send_credential" time="0.002" /><testcase classname="app.tests.issuer.test_issuer" name="test_get_credentials" time="0.002" /><testcase classname="app.tests.issuer.test_issuer" name="test_get_credential" time="0.002" /><testcase classname="app.tests.issuer.test_issuer" name="test_remove_credential" time="0.002" /><testcase classname="app.tests.issuer.test_issuer" name="test_request_credential" time="0.002" /><testcase classname="app.tests.issuer.test_issuer" name="test_request_credential_x_no_schema_cred_def" time="0.002" /><testcase classname="app.tests.issuer.test_issuer" name="test_store_credential" time="0.002" /><testcase classname="app.tests.verifier.test_acapy_verifier_v1_facade" name="test_create_proof_request" time="0.002" /><testcase classname="app.tests.verifier.test_acapy_verifier_v1_facade" name="test_send_proof_request" time="0.002" /><testcase classname="app.tests.verifier.test_acapy_verifier_v1_facade" name="test_accept_proof_request" time="0.002" /><testcase classname="app.tests.verifier.test_acapy_verifier_v1_facade" name="test_reject_proof_reject" time="0.002" /><testcase classname="app.tests.verifier.test_acapy_verifier_v2_facade" name="test_create_proof_request" time="0.002" /><testcase classname="app.tests.verifier.test_acapy_verifier_v2_facade" name="test_send_proof_request" time="0.002" /><testcase classname="app.tests.verifier.test_acapy_verifier_v2_facade" name="test_accept_proof_request" time="0.002" /><testcase classname="app.tests.verifier.test_acapy_verifier_v2_facade" name="test_reject_proof_reject" time="0.002" /><testcase classname="app.tests.verifier.test_verifier" name="test_send_proof_request_v1" time="0.004" /><testcase classname="app.tests.verifier.test_verifier" name="test_send_proof_request_v2" time="0.002" /><testcase classname="app.tests.verifier.test_verifier" name="test_create_proof_request" time="0.002" /><testcase classname="app.tests.verifier.test_verifier" name="test_accept_proof_request_v1" time="0.002" /><testcase classname="app.tests.verifier.test_verifier" name="test_accept_proof_request_v2" time="0.002" /><testcase classname="app.tests.verifier.test_verifier" name="test_reject_proof_request" time="0.002" /><testcase classname="app.tests.verifier.test_verifier" name="test_delete_proof" time="0.002" /><testcase classname="app.tests.verifier.test_verifier" name="test_get_proof_record" time="0.003" /><testcase classname="app.tests.verifier.test_verifier" name="test_get_proof_records" time="0.002" /><testcase classname="app.tests.verifier.test_verifier" name="test_get_credentials_for_request" time="0.002" /><testcase classname="app.tests.verifier.test_verifier_utils" name="test_are_valid_schemas" time="0.003" /><testcase classname="app.tests.verifier.test_verifier_utils" name="test_get_connection_record" time="0.003" /><testcase classname="app.tests.verifier.test_verifier_utils" name="test_get_schema_ids" time="0.002" /><testcase classname="app.tests.verifier.test_verifier_utils" name="test_ed25519_verkey_to_did_key" time="0.002" /><testcase classname="app.tests.verifier.test_verifier_utils" name="test_is_verifier" time="0.001" /><testcase classname="app.tests.verifier.test_verifier_utils" name="test_get_actor" time="0.003" /><testcase classname="app.tests.verifier.test_verifier_utils" name="test_assert_valid_prover_invitation_key" time="0.004" /><testcase classname="app.tests.verifier.test_verifier_utils" name="test_assert_valid_prover_public_did" time="0.004" /><testcase classname="app.tests.verifier.test_verifier_utils" name="test_assert_valid_prover_x_no_public_did_no_invitation_key" time="0.002" /><testcase classname="app.tests.verifier.test_verifier_utils" name="test_assert_valid_prover_x_actor_invalid_role" time="0.003" /><testcase classname="app.tests.verifier.test_verifier_utils" name="test_assert_valid_prover_x_invalid_schemas" time="0.004" /><testcase classname="app.tests.verifier.test_verifier_utils" name="test_assert_valid_prover_x_no_connection_id" time="0.002" /><testcase classname="app.tests.verifier.test_verifier_utils" name="test_assert_valid_verifier_invitation_key" time="0.003" /><testcase classname="app.tests.verifier.test_verifier_utils" name="test_assert_valid_verifier_public_did" time="0.003" /><testcase classname="app.tests.verifier.test_verifier_utils" name="test_assert_valid_verifier_x_no_public_did_no_invitation_key" time="0.003" /><testcase classname="app.tests.verifier.test_verifier_utils" name="test_assert_valid_verifier_x_not_verifier" time="0.003" /></testsuite></testsuites>
>>>>>>> wip/debug-endorser-0.7.5
