<?xml version="1.0" encoding="utf-8"?><testsuites><testsuite name="pytest" errors="0" failures="0" skipped="0" tests="1" time="12.283" timestamp="2022-10-14T12:39:48.014931" hostname="felurian"><testcase classname="tests.e2e.test_connections" name="test_accept_invitation_oob" time="12.262" /></testsuite></testsuites>