<?xml version="1.0" encoding="utf-8"?><testsuites><testsuite name="pytest" errors="0" failures="0" skipped="0" tests="3" time="0.066" timestamp="2021-07-02T12:20:43.709529" hostname="localhost"><testcase classname="tests.test_acapy_ledger_facade" name="test_error_on_get_taa" time="0.006" /><testcase classname="tests.test_acapy_ledger_facade" name="test_error_on_accept_taa" time="0.003" /><testcase classname="tests.test_acapy_ledger_facade" name="test_error_on_get_did_endpoint" time="0.003" /></testsuite></testsuites>