<?xml version="1.0" encoding="utf-8"?><testsuites><testsuite name="pytest" errors="0" failures="0" skipped="0" tests="6" time="0.114" timestamp="2021-07-05T10:58:04.791209" hostname="localhost"><testcase classname="tests.test_dependencies" name="test_extract_token_from_bearer" time="0.007" /><testcase classname="tests.test_dependencies" name="test_yoma_agent" time="0.009" /><testcase classname="tests.test_dependencies" name="test_ecosystem_agent" time="0.004" /><testcase classname="tests.test_dependencies" name="test_member_agent" time="0.004" /><testcase classname="tests.test_dependencies" name="test_member_admin_agent" time="0.004" /><testcase classname="tests.test_dependencies" name="test_ecosystem_admin_agent" time="0.003" /></testsuite></testsuites>