<?xml version="1.0" encoding="utf-8"?><testsuites><testsuite name="pytest" errors="0" failures="0" skipped="0" tests="5" time="33.345" timestamp="2021-07-08T12:07:06.811291" hostname="localhost"><testcase classname="tests.test_connections" name="test_create_invite" time="6.466" /><testcase classname="tests.test_connections" name="test_accept_invite" time="6.727" /><testcase classname="tests.test_connections" name="test_get_connections" time="6.721" /><testcase classname="tests.test_connections" name="test_get_connection_by_id" time="6.639" /><testcase classname="tests.test_connections" name="test_delete_connection" time="6.704" /></testsuite></testsuites>