<?xml version="1.0" encoding="utf-8"?><testsuites><testsuite name="pytest" errors="0" failures="0" skipped="0" tests="5" time="36.265" timestamp="2021-08-22T10:42:25.620994" hostname="localhost"><testcase classname="tests.test_connections" name="test_create_invite" time="4.924" /><testcase classname="tests.test_connections" name="test_accept_invite" time="5.633" /><testcase classname="tests.test_connections" name="test_get_connections" time="6.188" /><testcase classname="tests.test_connections" name="test_get_connection_by_id" time="4.949" /><testcase classname="tests.test_connections" name="test_delete_connection" time="4.915" /></testsuite></testsuites>