<?xml version="1.0" encoding="utf-8"?><testsuites><testsuite name="pytest" errors="0" failures="0" skipped="0" tests="5" time="39.404" timestamp="2021-07-08T14:57:00.791035" hostname="localhost"><testcase classname="tests.test_connections" name="test_create_invite" time="6.733" /><testcase classname="tests.test_connections" name="test_accept_invite" time="7.171" /><testcase classname="tests.test_connections" name="test_get_connections" time="9.411" /><testcase classname="tests.test_connections" name="test_get_connection_by_id" time="9.333" /><testcase classname="tests.test_connections" name="test_delete_connection" time="6.684" /></testsuite></testsuites>