<?xml version="1.0" encoding="utf-8"?><testsuites><testsuite name="pytest" errors="0" failures="0" skipped="0" tests="0" time="0.194" timestamp="2021-08-23T14:47:11.815565" hostname="localhost" /></testsuites>