<?xml version="1.0" encoding="utf-8"?><testsuites><testsuite name="pytest" errors="0" failures="0" skipped="0" tests="5" time="33.336" timestamp="2021-07-08T15:25:43.831124" hostname="localhost"><testcase classname="tests.test_connections" name="test_create_invite" time="6.484" /><testcase classname="tests.test_connections" name="test_accept_invite" time="6.456" /><testcase classname="tests.test_connections" name="test_get_connections" time="6.809" /><testcase classname="tests.test_connections" name="test_get_connection_by_id" time="6.722" /><testcase classname="tests.test_connections" name="test_delete_connection" time="6.780" /></testsuite></testsuites>