<?xml version="1.0" encoding="utf-8"?><testsuites><testsuite name="pytest" errors="0" failures="0" skipped="0" tests="1" time="28.604" timestamp="2022-10-19T15:30:09.818184" hostname="felurian"><testcase classname="tests.e2e.test_connections" name="test_oob_connect_via_public_did" time="28.580" /></testsuite></testsuites>